<?xml version="1.0" encoding="UTF-8"?>
<testsuite xmlns:xsi="http://www.w3.org/2001/XMLSchema-instance" xsi:noNamespaceSchemaLocation="https://maven.apache.org/surefire/maven-surefire-plugin/xsd/surefire-test-report.xsd" name="com.example.demo.repository.PropertyRepositoryTest" time="1.412" tests="2" errors="0" skipped="0" failures="0">
  <properties>
[...]
</properties>
  <testcase name="getPropertyByIdTest" classname="com.example.demo.repository.PropertyRepositoryTest" time="0.625"/>
  <testcase name="addPropertyTest" classname="com.example.demo.repository.PropertyRepositoryTest" time="0.017"/>
</testsuite>