# JRE version: OpenJDK Runtime Environment Zulu11.48+21-CA (11.0.11+9) (build 11.0.11+9-LTS)
# Java VM: OpenJDK 64-Bit Server VM Zulu11.48+21-CA (11.0.11+9-LTS, mixed mode, tiered, compressed oops, parallel gc, bsd-amd64)
Heap:
 PSYoungGen      total 23040K, used 0K [0x00000007eab00000, 0x00000007eca00000, 0x0000000800000000)
  eden space 22528K, 0% used [0x00000007eab00000,0x00000007eab00000,0x00000007ec100000)
  from space 512K, 0% used [0x00000007ec300000,0x00000007ec300000,0x00000007ec380000)
  to   space 2048K, 0% used [0x00000007ec800000,0x00000007ec800000,0x00000007eca00000)
 ParOldGen       total 68608K, used 22855K [0x00000007c0000000, 0x00000007c4300000, 0x00000007eab00000)
  object space 68608K, 33% used [0x00000007c0000000,0x00000007c1651f60,0x00000007c4300000)
 Metaspace       used 33476K, capacity 35270K, committed 35584K, reserved 1081344K
  class space    used 3162K, capacity 3806K, committed 3840K, reserved 1048576K
GC Heap History (20 events):
Event: 3.295 GC heap before
{Heap before GC invocations=4 (full 1):
 PSYoungGen      total 29696K, used 25600K [0x00000007eab00000, 0x00000007ecc00000, 0x0000000800000000)
  eden space 25600K, 100% used [0x00000007eab00000,0x00000007ec400000,0x00000007ec400000)
  from space 4096K, 0% used [0x00000007ec800000,0x00000007ec800000,0x00000007ecc00000)
  to   space 4096K, 0% used [0x00000007ec400000,0x00000007ec400000,0x00000007ec800000)
 ParOldGen       total 68608K, used 6521K [0x00000007c0000000, 0x00000007c4300000, 0x00000007eab00000)
  object space 68608K, 9% used [0x00000007c0000000,0x00000007c065e7f8,0x00000007c4300000)
 Metaspace       used 27041K, capacity 28485K, committed 28800K, reserved 1075200K
  class space    used 2580K, capacity 3102K, committed 3200K, reserved 1048576K
}
Event: 3.298 GC heap after
{Heap after GC invocations=4 (full 1):
 PSYoungGen      total 29696K, used 2462K [0x00000007eab00000, 0x00000007ecc00000, 0x0000000800000000)
  eden space 25600K, 0% used [0x00000007eab00000,0x00000007eab00000,0x00000007ec400000)
  from space 4096K, 60% used [0x00000007ec400000,0x00000007ec667870,0x00000007ec800000)
  to   space 4096K, 0% used [0x00000007ec800000,0x00000007ec800000,0x00000007ecc00000)
 ParOldGen       total 68608K, used 6521K [0x00000007c0000000, 0x00000007c4300000, 0x00000007eab00000)
  object space 68608K, 9% used [0x00000007c0000000,0x00000007c065e7f8,0x00000007c4300000)
 Metaspace       used 27041K, capacity 28485K, committed 28800K, reserved 1075200K
  class space    used 2580K, capacity 3102K, committed 3200K, reserved 1048576K
}
Event: 4.005 GC heap before
{Heap before GC invocations=5 (full 1):
 PSYoungGen      total 29696K, used 28062K [0x00000007eab00000, 0x00000007ecc00000, 0x0000000800000000)
  eden space 25600K, 100% used [0x00000007eab00000,0x00000007ec400000,0x00000007ec400000)
  from space 4096K, 60% used [0x00000007ec400000,0x00000007ec667870,0x00000007ec800000)
  to   space 4096K, 0% used [0x00000007ec800000,0x00000007ec800000,0x00000007ecc00000)
 ParOldGen       total 68608K, used 6521K [0x00000007c0000000, 0x00000007c4300000, 0x00000007eab00000)
  object space 68608K, 9% used [0x00000007c0000000,0x00000007c065e7f8,0x00000007c4300000)
 Metaspace       used 31036K, capacity 32619K, committed 32768K, reserved 1079296K
  class space    used 2982K, capacity 3580K, committed 3584K, reserved 1048576K
}
Event: 4.017 GC heap after
{Heap after GC invocations=5 (full 1):
 PSYoungGen      total 29696K, used 4094K [0x00000007eab00000, 0x00000007ecc00000, 0x0000000800000000)
  eden space 25600K, 0% used [0x00000007eab00000,0x00000007eab00000,0x00000007ec400000)
  from space 4096K, 99% used [0x00000007ec800000,0x00000007ecbff880,0x00000007ecc00000)
  to   space 4096K, 0% used [0x00000007ec400000,0x00000007ec400000,0x00000007ec800000)
 ParOldGen       total 68608K, used 6754K [0x00000007c0000000, 0x00000007c4300000, 0x00000007eab00000)
  object space 68608K, 9% used [0x00000007c0000000,0x00000007c0698808,0x00000007c4300000)
 Metaspace       used 31036K, capacity 32619K, committed 32768K, reserved 1079296K
  class space    used 2982K, capacity 3580K, committed 3584K, reserved 1048576K
}
Event: 4.128 GC heap before
{Heap before GC invocations=6 (full 1):
 PSYoungGen      total 29696K, used 29694K [0x00000007eab00000, 0x00000007ecc00000, 0x0000000800000000)
  eden space 25600K, 100% used [0x00000007eab00000,0x00000007ec400000,0x00000007ec400000)
  from space 4096K, 99% used [0x00000007ec800000,0x00000007ecbff880,0x00000007ecc00000)
  to   space 4096K, 0% used [0x00000007ec400000,0x00000007ec400000,0x00000007ec800000)
 ParOldGen       total 68608K, used 6754K [0x00000007c0000000, 0x00000007c4300000, 0x00000007eab00000)
  object space 68608K, 9% used [0x00000007c0000000,0x00000007c0698808,0x00000007c4300000)
 Metaspace       used 31242K, capacity 32838K, committed 33152K, reserved 1079296K
  class space    used 3000K, capacity 3589K, committed 3712K, reserved 1048576K
}
Event: 4.139 GC heap after
{Heap after GC invocations=6 (full 1):
 PSYoungGen      total 29184K, used 4066K [0x00000007eab00000, 0x00000007ed180000, 0x0000000800000000)
  eden space 25088K, 0% used [0x00000007eab00000,0x00000007eab00000,0x00000007ec380000)
  from space 4096K, 99% used [0x00000007ec400000,0x00000007ec7f8948,0x00000007ec800000)
  to   space 7168K, 0% used [0x00000007eca80000,0x00000007eca80000,0x00000007ed180000)
 ParOldGen       total 68608K, used 9053K [0x00000007c0000000, 0x00000007c4300000, 0x00000007eab00000)
  object space 68608K, 13% used [0x00000007c0000000,0x00000007c08d76f8,0x00000007c4300000)
 Metaspace       used 31242K, capacity 32838K, committed 33152K, reserved 1079296K
  class space    used 3000K, capacity 3589K, committed 3712K, reserved 1048576K
}
Event: 4.203 GC heap before
{Heap before GC invocations=7 (full 1):
 PSYoungGen      total 29184K, used 29154K [0x00000007eab00000, 0x00000007ed180000, 0x0000000800000000)
  eden space 25088K, 100% used [0x00000007eab00000,0x00000007ec380000,0x00000007ec380000)
  from space 4096K, 99% used [0x00000007ec400000,0x00000007ec7f8948,0x00000007ec800000)
  to   space 7168K, 0% used [0x00000007eca80000,0x00000007eca80000,0x00000007ed180000)
 ParOldGen       total 68608K, used 9053K [0x00000007c0000000, 0x00000007c4300000, 0x00000007eab00000)
  object space 68608K, 13% used [0x00000007c0000000,0x00000007c08d76f8,0x00000007c4300000)
 Metaspace       used 31334K, capacity 32934K, committed 33152K, reserved 1079296K
  class space    used 3004K, capacity 3621K, committed 3712K, reserved 1048576K
}
Event: 4.212 GC heap after
{Heap after GC invocations=7 (full 1):
 PSYoungGen      total 31232K, used 6512K [0x00000007eab00000, 0x00000007ed100000, 0x0000000800000000)
  eden space 24576K, 0% used [0x00000007eab00000,0x00000007eab00000,0x00000007ec300000)
  from space 6656K, 97% used [0x00000007eca80000,0x00000007ed0dc148,0x00000007ed100000)
  to   space 6656K, 0% used [0x00000007ec400000,0x00000007ec400000,0x00000007eca80000)
 ParOldGen       total 68608K, used 9061K [0x00000007c0000000, 0x00000007c4300000, 0x00000007eab00000)
  object space 68608K, 13% used [0x00000007c0000000,0x00000007c08d96f8,0x00000007c4300000)
 Metaspace       used 31334K, capacity 32934K, committed 33152K, reserved 1079296K
  class space    used 3004K, capacity 3621K, committed 3712K, reserved 1048576K
}
Event: 4.288 GC heap before
{Heap before GC invocations=8 (full 1):
 PSYoungGen      total 31232K, used 31088K [0x00000007eab00000, 0x00000007ed100000, 0x0000000800000000)
  eden space 24576K, 100% used [0x00000007eab00000,0x00000007ec300000,0x00000007ec300000)
  from space 6656K, 97% used [0x00000007eca80000,0x00000007ed0dc148,0x00000007ed100000)
  to   space 6656K, 0% used [0x00000007ec400000,0x00000007ec400000,0x00000007eca80000)
 ParOldGen       total 68608K, used 9061K [0x00000007c0000000, 0x00000007c4300000, 0x00000007eab00000)
  object space 68608K, 13% used [0x00000007c0000000,0x00000007c08d96f8,0x00000007c4300000)
 Metaspace       used 31421K, capacity 33062K, committed 33408K, reserved 1079296K
  class space    used 3012K, capacity 3621K, committed 3712K, reserved 1048576K
}
Event: 4.299 GC heap after
{Heap after GC invocations=8 (full 1):
 PSYoungGen      total 30720K, used 6646K [0x00000007eab00000, 0x00000007ed580000, 0x0000000800000000)
  eden space 24064K, 0% used [0x00000007eab00000,0x00000007eab00000,0x00000007ec280000)
  from space 6656K, 99% used [0x00000007ec400000,0x00000007eca7d918,0x00000007eca80000)
  to   space 9728K, 0% used [0x00000007ecc00000,0x00000007ecc00000,0x00000007ed580000)
 ParOldGen       total 68608K, used 11490K [0x00000007c0000000, 0x00000007c4300000, 0x00000007eab00000)
  object space 68608K, 16% used [0x00000007c0000000,0x00000007c0b38ae0,0x00000007c4300000)
 Metaspace       used 31421K, capacity 33062K, committed 33408K, reserved 1079296K
  class space    used 3012K, capacity 3621K, committed 3712K, reserved 1048576K
}
Event: 4.347 GC heap before
{Heap before GC invocations=9 (full 1):
 PSYoungGen      total 30720K, used 30710K [0x00000007eab00000, 0x00000007ed580000, 0x0000000800000000)
  eden space 24064K, 100% used [0x00000007eab00000,0x00000007ec280000,0x00000007ec280000)
  from space 6656K, 99% used [0x00000007ec400000,0x00000007eca7d918,0x00000007eca80000)
  to   space 9728K, 0% used [0x00000007ecc00000,0x00000007ecc00000,0x00000007ed580000)
 ParOldGen       total 68608K, used 11490K [0x00000007c0000000, 0x00000007c4300000, 0x00000007eab00000)
  object space 68608K, 16% used [0x00000007c0000000,0x00000007c0b38ae0,0x00000007c4300000)
 Metaspace       used 31421K, capacity 33062K, committed 33408K, reserved 1079296K
  class space    used 3012K, capacity 3621K, committed 3712K, reserved 1048576K
}
Event: 4.357 GC heap after
{Heap after GC invocations=9 (full 1):
 PSYoungGen      total 30720K, used 7154K [0x00000007eab00000, 0x00000007ed300000, 0x0000000800000000)
  eden space 23552K, 0% used [0x00000007eab00000,0x00000007eab00000,0x00000007ec200000)
  from space 7168K, 99% used [0x00000007ecc00000,0x00000007ed2fcb28,0x00000007ed300000)
  to   space 8192K, 0% used [0x00000007ec300000,0x00000007ec300000,0x00000007ecb00000)
 ParOldGen       total 68608K, used 13677K [0x00000007c0000000, 0x00000007c4300000, 0x00000007eab00000)
  object space 68608K, 19% used [0x00000007c0000000,0x00000007c0d5b400,0x00000007c4300000)
 Metaspace       used 31421K, capacity 33062K, committed 33408K, reserved 1079296K
  class space    used 3012K, capacity 3621K, committed 3712K, reserved 1048576K
}
Event: 4.409 GC heap before
{Heap before GC invocations=10 (full 1):
 PSYoungGen      total 30720K, used 30706K [0x00000007eab00000, 0x00000007ed300000, 0x0000000800000000)
  eden space 23552K, 100% used [0x00000007eab00000,0x00000007ec200000,0x00000007ec200000)
  from space 7168K, 99% used [0x00000007ecc00000,0x00000007ed2fcb28,0x00000007ed300000)
  to   space 8192K, 0% used [0x00000007ec300000,0x00000007ec300000,0x00000007ecb00000)
 ParOldGen       total 68608K, used 13677K [0x00000007c0000000, 0x00000007c4300000, 0x00000007eab00000)
  object space 68608K, 19% used [0x00000007c0000000,0x00000007c0d5b400,0x00000007c4300000)
 Metaspace       used 31421K, capacity 33062K, committed 33408K, reserved 1079296K
  class space    used 3012K, capacity 3621K, committed 3712K, reserved 1048576K
}
Event: 4.415 GC heap after
{Heap after GC invocations=10 (full 1):
 PSYoungGen      total 29696K, used 6624K [0x00000007eab00000, 0x00000007ecf80000, 0x0000000800000000)
  eden space 23040K, 0% used [0x00000007eab00000,0x00000007eab00000,0x00000007ec180000)
  from space 6656K, 99% used [0x00000007ec300000,0x00000007ec978010,0x00000007ec980000)
  to   space 6144K, 0% used [0x00000007ec980000,0x00000007ec980000,0x00000007ecf80000)
 ParOldGen       total 68608K, used 16487K [0x00000007c0000000, 0x00000007c4300000, 0x00000007eab00000)
  object space 68608K, 24% used [0x00000007c0000000,0x00000007c1019f18,0x00000007c4300000)
 Metaspace       used 31421K, capacity 33062K, committed 33408K, reserved 1079296K
  class space    used 3012K, capacity 3621K, committed 3712K, reserved 1048576K
}
Event: 4.901 GC heap before
{Heap before GC invocations=11 (full 1):
 PSYoungGen      total 29696K, used 29659K [0x00000007eab00000, 0x00000007ecf80000, 0x0000000800000000)
  eden space 23040K, 99% used [0x00000007eab00000,0x00000007ec17ed50,0x00000007ec180000)
  from space 6656K, 99% used [0x00000007ec300000,0x00000007ec978010,0x00000007ec980000)
  to   space 6144K, 0% used [0x00000007ec980000,0x00000007ec980000,0x00000007ecf80000)
 ParOldGen       total 68608K, used 16487K [0x00000007c0000000, 0x00000007c4300000, 0x00000007eab00000)
  object space 68608K, 24% used [0x00000007c0000000,0x00000007c1019f18,0x00000007c4300000)
 Metaspace       used 33016K, capacity 34758K, committed 35072K, reserved 1081344K
  class space    used 3113K, capacity 3742K, committed 3840K, reserved 1048576K
}
Event: 4.906 GC heap after
{Heap after GC invocations=11 (full 1):
 PSYoungGen      total 27136K, used 4365K [0x00000007eab00000, 0x00000007ece00000, 0x0000000800000000)
  eden space 22528K, 0% used [0x00000007eab00000,0x00000007eab00000,0x00000007ec100000)
  from space 4608K, 94% used [0x00000007ec980000,0x00000007ecdc3708,0x00000007ece00000)
  to   space 5632K, 0% used [0x00000007ec300000,0x00000007ec300000,0x00000007ec880000)
 ParOldGen       total 68608K, used 20780K [0x00000007c0000000, 0x00000007c4300000, 0x00000007eab00000)
  object space 68608K, 30% used [0x00000007c0000000,0x00000007c144b208,0x00000007c4300000)
 Metaspace       used 33016K, capacity 34758K, committed 35072K, reserved 1081344K
  class space    used 3113K, capacity 3742K, committed 3840K, reserved 1048576K
}
Event: 4.918 GC heap before
{Heap before GC invocations=12 (full 1):
 PSYoungGen      total 27136K, used 5274K [0x00000007eab00000, 0x00000007ece00000, 0x0000000800000000)
  eden space 22528K, 4% used [0x00000007eab00000,0x00000007eabe34c8,0x00000007ec100000)
  from space 4608K, 94% used [0x00000007ec980000,0x00000007ecdc3708,0x00000007ece00000)
  to   space 5632K, 0% used [0x00000007ec300000,0x00000007ec300000,0x00000007ec880000)
 ParOldGen       total 68608K, used 20780K [0x00000007c0000000, 0x00000007c4300000, 0x00000007eab00000)
  object space 68608K, 30% used [0x00000007c0000000,0x00000007c144b208,0x00000007c4300000)
 Metaspace       used 33462K, capacity 35206K, committed 35328K, reserved 1081344K
  class space    used 3162K, capacity 3806K, committed 3840K, reserved 1048576K
}
Event: 4.922 GC heap after
{Heap after GC invocations=12 (full 1):
 PSYoungGen      total 23040K, used 160K [0x00000007eab00000, 0x00000007eca00000, 0x0000000800000000)
  eden space 22528K, 0% used [0x00000007eab00000,0x00000007eab00000,0x00000007ec100000)
  from space 512K, 31% used [0x00000007ec300000,0x00000007ec328000,0x00000007ec380000)
  to   space 2048K, 0% used [0x00000007ec800000,0x00000007ec800000,0x00000007eca00000)
 ParOldGen       total 68608K, used 25027K [0x00000007c0000000, 0x00000007c4300000, 0x00000007eab00000)
  object space 68608K, 36% used [0x00000007c0000000,0x00000007c1870dd0,0x00000007c4300000)
 Metaspace       used 33462K, capacity 35206K, committed 35328K, reserved 1081344K
  class space    used 3162K, capacity 3806K, committed 3840K, reserved 1048576K
}
Event: 4.922 GC heap before
{Heap before GC invocations=13 (full 2):
 PSYoungGen      total 23040K, used 160K [0x00000007eab00000, 0x00000007eca00000, 0x0000000800000000)
  eden space 22528K, 0% used [0x00000007eab00000,0x00000007eab00000,0x00000007ec100000)
  from space 512K, 31% used [0x00000007ec300000,0x00000007ec328000,0x00000007ec380000)
  to   space 2048K, 0% used [0x00000007ec800000,0x00000007ec800000,0x00000007eca00000)
 ParOldGen       total 68608K, used 25027K [0x00000007c0000000, 0x00000007c4300000, 0x00000007eab00000)
  object space 68608K, 36% used [0x00000007c0000000,0x00000007c1870dd0,0x00000007c4300000)
 Metaspace       used 33462K, capacity 35206K, committed 35328K, reserved 1081344K
  class space    used 3162K, capacity 3806K, committed 3840K, reserved 1048576K
}
Event: 4.986 GC heap after
{Heap after GC invocations=13 (full 2):
 PSYoungGen      total 23040K, used 0K [0x00000007eab00000, 0x00000007eca00000, 0x0000000800000000)
  eden space 22528K, 0% used [0x00000007eab00000,0x00000007eab00000,0x00000007ec100000)
  from space 512K, 0% used [0x00000007ec300000,0x00000007ec300000,0x00000007ec380000)
  to   space 2048K, 0% used [0x00000007ec800000,0x00000007ec800000,0x00000007eca00000)
 ParOldGen       total 68608K, used 22855K [0x00000007c0000000, 0x00000007c4300000, 0x00000007eab00000)
  object space 68608K, 33% used [0x00000007c0000000,0x00000007c1651f60,0x00000007c4300000)
 Metaspace       used 33462K, capacity 35206K, committed 35328K, reserved 1081344K
  class space    used 3162K, capacity 3806K, committed 3840K, reserved 1048576K
}

